[2020-09-01 05:38:06] production.ERROR: SQLSTATE[42S22]: Column not found: 1054 Unknown column 'registration_as' in 'field list' (SQL: insert into `delegates` (`registration_as`, `membership_number`, `membership`, `first_name`, `last_name`, `job_title`, `organization`, `email_address`, `country`, `postal_address`, `experience`, `dietary`, `language_translation`, `languages`, `first_check`, `mode_payment`, `second_check`, `eventP`, `eventS`, `eventG`, `eventW`, `guests`, `lead`, `register_id`, `updated_at`, `created_at`) values (?, ?, ?, R, R, R, R, ramzitouati1@gmail.com, ?, ?, no, None, no, arabic, yes, ?, yes, ?, ?, ?, ?, no, no, 415, 2020-09-01 05:38:06, 2020-09-01 05:38:06)) {"exception":"[object] (Illuminate\\Database\\QueryException(code: 42S22): SQLSTATE[42S22]: Column not found: 1054 Unknown column 'registration_as' in 'field list' (SQL: insert into `delegates` (`registration_as`, `membership_number`, `membership`, `first_name`, `last_name`, `job_title`, `organization`, `email_address`, `country`, `postal_address`, `experience`, `dietary`, `language_translation`, `languages`, `first_check`, `mode_payment`, `second_check`, `eventP`, `eventS`, `eventG`, `eventW`, `guests`, `lead`, `register_id`, `updated_at`, `created_at`) values (?, ?, ?, R, R, R, R, ramzitouati1@gmail.com, ?, ?, no, None, no, arabic, yes, ?, yes, ?, ?, ?, ?, no, no, 415, 2020-09-01 05:38:06, 2020-09-01 05:38:06)) at C:\\inetpub\\wwwroot\\bo-ica.digitalresearch.ae\\attendees\\Attendize\\vendor\\laravel\\framework\\src\\Illuminate\\Database\\Connection.php:669)
[stacktrace]
#0 C:\\inetpub\\wwwroot\\bo-ica.digitalresearch.ae\\attendees\\Attendize\\vendor\\laravel\\framework\\src\\Illuminate\\Database\\Connection.php(629): Illuminate\\Database\\Connection->runQueryCallback('insert into `de...', Array, Object(Closure))
#1 C:\\inetpub\\wwwroot\\bo-ica.digitalresearch.ae\\attendees\\Attendize\\vendor\\laravel\\framework\\src\\Illuminate\\Database\\Connection.php(464): Illuminate\\Database\\Connection->run('insert into `de...', Array, Object(Closure))
#2 C:\\inetpub\\wwwroot\\bo-ica.digitalresearch.ae\\attendees\\Attendize\\vendor\\laravel\\framework\\src\\Illuminate\\Database\\Connection.php(416): Illuminate\\Database\\Connection->statement('insert into `de...', Array)
#3 C:\\inetpub\\wwwroot\\bo-ica.digitalresearch.ae\\attendees\\Attendize\\vendor\\laravel\\framework\\src\\Illuminate\\Database\\Query\\Processors\\Processor.php(32): Illuminate\\Database\\Connection->insert('insert into `de...', Array)
#4 C:\\inetpub\\wwwroot\\bo-ica.digitalresearch.ae\\attendees\\Attendize\\vendor\\laravel\\framework\\src\\Illuminate\\Database\\Query\\Builder.php(2695): Illuminate\\Database\\Query\\Processors\\Processor->processInsertGetId(Object(Illuminate\\Database\\Query\\Builder), 'insert into `de...', Array, 'id')
#5 C:\\inetpub\\wwwroot\\bo-ica.digitalresearch.ae\\attendees\\Attendize\\vendor\\laravel\\framework\\src\\Illuminate\\Database\\Eloquent\\Builder.php(1366): Illuminate\\Database\\Query\\Builder->insertGetId(Array, 'id')
#6 C:\\inetpub\\wwwroot\\bo-ica.digitalresearch.ae\\attendees\\Attendize\\vendor\\laravel\\framework\\src\\Illuminate\\Database\\Eloquent\\Model.php(840): Illuminate\\Database\\Eloquent\\Builder->__call('insertGetId', Array)
#7 C:\\inetpub\\wwwroot\\bo-ica.digitalresearch.ae\\attendees\\Attendize\\vendor\\laravel\\framework\\src\\Illuminate\\Database\\Eloquent\\Model.php(805): Illuminate\\Database\\Eloquent\\Model->insertAndSetId(Object(Illuminate\\Database\\Eloquent\\Builder), Array)
#8 C:\\inetpub\\wwwroot\\bo-ica.digitalresearch.ae\\attendees\\Attendize\\vendor\\laravel\\framework\\src\\Illuminate\\Database\\Eloquent\\Model.php(668): Illuminate\\Database\\Eloquent\\Model->performInsert(Object(Illuminate\\Database\\Eloquent\\Builder))
#9 C:\\inetpub\\wwwroot\\bo-ica.digitalresearch.ae\\attendees\\Attendize\\app\\Http\\Controllers\\ApiregistrationController.php(77): Illuminate\\Database\\Eloquent\\Model->save()
#10 [internal function]: App\\Http\\Controllers\\ApiregistrationController->newdelegate(Object(Illuminate\\Http\\Request))
#11 C:\\inetpub\\wwwroot\\bo-ica.digitalresearch.ae\\attendees\\Attendize\\vendor\\laravel\\framework\\src\\Illuminate\\Routing\\Controller.php(54): call_user_func_array(Array, Array)
#12 C:\\inetpub\\wwwroot\\bo-ica.digitalresearch.ae\\attendees\\Attendize\\vendor\\laravel\\framework\\src\\Illuminate\\Routing\\ControllerDispatcher.php(45): Illuminate\\Routing\\Controller->callAction('newdelegate', Array)
#13 C:\\inetpub\\wwwroot\\bo-ica.digitalresearch.ae\\attendees\\Attendize\\vendor\\laravel\\framework\\src\\Illuminate\\Routing\\Route.php(219): Illuminate\\Routing\\ControllerDispatcher->dispatch(Object(Illuminate\\Routing\\Route), Object(App\\Http\\Controllers\\ApiregistrationController), 'newdelegate')
#14 C:\\inetpub\\wwwroot\\bo-ica.digitalresearch.ae\\attendees\\Attendize\\vendor\\laravel\\framework\\src\\Illuminate\\Routing\\Route.php(176): Illuminate\\Routing\\Route->runController()
#15 C:\\inetpub\\wwwroot\\bo-ica.digitalresearch.ae\\attendees\\Attendize\\vendor\\laravel\\framework\\src\\Illuminate\\Routing\\Router.php(681): Illuminate\\Routing\\Route->run()
#16 C:\\inetpub\\wwwroot\\bo-ica.digitalresearch.ae\\attendees\\Attendize\\vendor\\laravel\\framework\\src\\Illuminate\\Pipeline\\Pipeline.php(130): Illuminate\\Routing\\Router->Illuminate\\Routing\\{closure}(Object(Illuminate\\Http\\Request))
#17 C:\\inetpub\\wwwroot\\bo-ica.digitalresearch.ae\\attendees\\Attendize\\vendor\\laravel\\framework\\src\\Illuminate\\Routing\\Middleware\\SubstituteBindings.php(41): Illuminate\\Pipeline\\Pipeline->Illuminate\\Pipeline\\{closure}(Object(Illuminate\\Http\\Request))
#18 C:\\inetpub\\wwwroot\\bo-ica.digitalresearch.ae\\attendees\\Attendize\\vendor\\laravel\\framework\\src\\Illuminate\\Pipeline\\Pipeline.php(171): Illuminate\\Routing\\Middleware\\SubstituteBindings->handle(Object(Illuminate\\Http\\Request), Object(Closure))
#19 C:\\inetpub\\wwwroot\\bo-ica.digitalresearch.ae\\attendees\\Attendize\\vendor\\laravel\\framework\\src\\Illuminate\\Routing\\Middleware\\ThrottleRequests.php(59): Illuminate\\Pipeline\\Pipeline->Illuminate\\Pipeline\\{closure}(Object(Illuminate\\Http\\Request))
#20 C:\\inetpub\\wwwroot\\bo-ica.digitalresearch.ae\\attendees\\Attendize\\vendor\\laravel\\framework\\src\\Illuminate\\Pipeline\\Pipeline.php(171): Illuminate\\Routing\\Middleware\\ThrottleRequests->handle(Object(Illuminate\\Http\\Request), Object(Closure), 60, '1')
#21 C:\\inetpub\\wwwroot\\bo-ica.digitalresearch.ae\\attendees\\Attendize\\vendor\\laravel\\framework\\src\\Illuminate\\Pipeline\\Pipeline.php(105): Illuminate\\Pipeline\\Pipeline->Illuminate\\Pipeline\\{closure}(Object(Illuminate\\Http\\Request))
#22 C:\\inetpub\\wwwroot\\bo-ica.digitalresearch.ae\\attendees\\Attendize\\vendor\\laravel\\framework\\src\\Illuminate\\Routing\\Router.php(683): Illuminate\\Pipeline\\Pipeline->then(Object(Closure))
#23 C:\\inetpub\\wwwroot\\bo-ica.digitalresearch.ae\\attendees\\Attendize\\vendor\\laravel\\framework\\src\\Illuminate\\Routing\\Router.php(658): Illuminate\\Routing\\Router->runRouteWithinStack(Object(Illuminate\\Routing\\Route), Object(Illuminate\\Http\\Request))
#24 C:\\inetpub\\wwwroot\\bo-ica.digitalresearch.ae\\attendees\\Attendize\\vendor\\laravel\\framework\\src\\Illuminate\\Routing\\Router.php(624): Illuminate\\Routing\\Router->runRoute(Object(Illuminate\\Http\\Request), Object(Illuminate\\Routing\\Route))
#25 C:\\inetpub\\wwwroot\\bo-ica.digitalresearch.ae\\attendees\\Attendize\\vendor\\laravel\\framework\\src\\Illuminate\\Routing\\Router.php(613): Illuminate\\Routing\\Router->dispatchToRoute(Object(Illuminate\\Http\\Request))
#26 C:\\inetpub\\wwwroot\\bo-ica.digitalresearch.ae\\attendees\\Attendize\\vendor\\laravel\\framework\\src\\Illuminate\\Foundation\\Http\\Kernel.php(170): Illuminate\\Routing\\Router->dispatch(Object(Illuminate\\Http\\Request))
#27 C:\\inetpub\\wwwroot\\bo-ica.digitalresearch.ae\\attendees\\Attendize\\vendor\\laravel\\framework\\src\\Illuminate\\Pipeline\\Pipeline.php(130): Illuminate\\Foundation\\Http\\Kernel->Illuminate\\Foundation\\Http\\{closure}(Object(Illuminate\\Http\\Request))
#28 C:\\inetpub\\wwwroot\\bo-ica.digitalresearch.ae\\attendees\\Attendize\\vendor\\laravel\\framework\\src\\Illuminate\\Foundation\\Http\\Middleware\\ValidatePostSize.php(27): Illuminate\\Pipeline\\Pipeline->Illuminate\\Pipeline\\{closure}(Object(Illuminate\\Http\\Request))
#29 C:\\inetpub\\wwwroot\\bo-ica.digitalresearch.ae\\attendees\\Attendize\\vendor\\laravel\\framework\\src\\Illuminate\\Pipeline\\Pipeline.php(171): Illuminate\\Foundation\\Http\\Middleware\\ValidatePostSize->handle(Object(Illuminate\\Http\\Request), Object(Closure))
#30 C:\\inetpub\\wwwroot\\bo-ica.digitalresearch.ae\\attendees\\Attendize\\vendor\\laravel\\framework\\src\\Illuminate\\Foundation\\Http\\Middleware\\TransformsRequest.php(21): Illuminate\\Pipeline\\Pipeline->Illuminate\\Pipeline\\{closure}(Object(Illuminate\\Http\\Request))
#31 C:\\inetpub\\wwwroot\\bo-ica.digitalresearch.ae\\attendees\\Attendize\\vendor\\laravel\\framework\\src\\Illuminate\\Pipeline\\Pipeline.php(171): Illuminate\\Foundation\\Http\\Middleware\\TransformsRequest->handle(Object(Illuminate\\Http\\Request), Object(Closure))
#32 C:\\inetpub\\wwwroot\\bo-ica.digitalresearch.ae\\attendees\\Attendize\\app\\Http\\Middleware\\Cors.php(18): Illuminate\\Pipeline\\Pipeline->Illuminate\\Pipeline\\{closure}(Object(Illuminate\\Http\\Request))
#33 C:\\inetpub\\wwwroot\\bo-ica.digitalresearch.ae\\attendees\\Attendize\\vendor\\laravel\\framework\\src\\Illuminate\\Pipeline\\Pipeline.php(171): App\\Http\\Middleware\\Cors->handle(Object(Illuminate\\Http\\Request), Object(Closure))
#34 C:\\inetpub\\wwwroot\\bo-ica.digitalresearch.ae\\attendees\\Attendize\\vendor\\fideloper\\proxy\\src\\TrustProxies.php(57): Illuminate\\Pipeline\\Pipeline->Illuminate\\Pipeline\\{closure}(Object(Illuminate\\Http\\Request))
#35 C:\\inetpub\\wwwroot\\bo-ica.digitalresearch.ae\\attendees\\Attendize\\vendor\\laravel\\framework\\src\\Illuminate\\Pipeline\\Pipeline.php(171): Fideloper\\Proxy\\TrustProxies->handle(Object(Illuminate\\Http\\Request), Object(Closure))
#36 C:\\inetpub\\wwwroot\\bo-ica.digitalresearch.ae\\attendees\\Attendize\\vendor\\laravel\\framework\\src\\Illuminate\\Foundation\\Http\\Middleware\\TransformsRequest.php(21): Illuminate\\Pipeline\\Pipeline->Illuminate\\Pipeline\\{closure}(Object(Illuminate\\Http\\Request))
#37 C:\\inetpub\\wwwroot\\bo-ica.digitalresearch.ae\\attendees\\Attendize\\vendor\\laravel\\framework\\src\\Illuminate\\Pipeline\\Pipeline.php(171): Illuminate\\Foundation\\Http\\Middleware\\TransformsRequest->handle(Object(Illuminate\\Http\\Request), Object(Closure))
#38 C:\\inetpub\\wwwroot\\bo-ica.digitalresearch.ae\\attendees\\Attendize\\app\\Http\\Middleware\\GeneralChecks.php(26): Illuminate\\Pipeline\\Pipeline->Illuminate\\Pipeline\\{closure}(Object(Illuminate\\Http\\Request))
#39 C:\\inetpub\\wwwroot\\bo-ica.digitalresearch.ae\\attendees\\Attendize\\vendor\\laravel\\framework\\src\\Illuminate\\Pipeline\\Pipeline.php(171): App\\Http\\Middleware\\GeneralChecks->handle(Object(Illuminate\\Http\\Request), Object(Closure))
#40 C:\\inetpub\\wwwroot\\bo-ica.digitalresearch.ae\\attendees\\Attendize\\vendor\\laravel\\framework\\src\\Illuminate\\Foundation\\Http\\Middleware\\CheckForMaintenanceMode.php(63): Illuminate\\Pipeline\\Pipeline->Illuminate\\Pipeline\\{closure}(Object(Illuminate\\Http\\Request))
#41 C:\\inetpub\\wwwroot\\bo-ica.digitalresearch.ae\\attendees\\Attendize\\vendor\\laravel\\framework\\src\\Illuminate\\Pipeline\\Pipeline.php(171): Illuminate\\Foundation\\Http\\Middleware\\CheckForMaintenanceMode->handle(Object(Illuminate\\Http\\Request), Object(Closure))
#42 C:\\inetpub\\wwwroot\\bo-ica.digitalresearch.ae\\attendees\\Attendize\\vendor\\laravel\\framework\\src\\Illuminate\\Pipeline\\Pipeline.php(105): Illuminate\\Pipeline\\Pipeline->Illuminate\\Pipeline\\{closure}(Object(Illuminate\\Http\\Request))
#43 C:\\inetpub\\wwwroot\\bo-ica.digitalresearch.ae\\attendees\\Attendize\\vendor\\laravel\\framework\\src\\Illuminate\\Foundation\\Http\\Kernel.php(145): Illuminate\\Pipeline\\Pipeline->then(Object(Closure))
#44 C:\\inetpub\\wwwroot\\bo-ica.digitalresearch.ae\\attendees\\Attendize\\vendor\\laravel\\framework\\src\\Illuminate\\Foundation\\Http\\Kernel.php(110): Illuminate\\Foundation\\Http\\Kernel->sendRequestThroughRouter(Object(Illuminate\\Http\\Request))
#45 C:\\inetpub\\wwwroot\\bo-ica.digitalresearch.ae\\attendees\\Attendize\\public\\index.php(55): Illuminate\\Foundation\\Http\\Kernel->handle(Object(Illuminate\\Http\\Request))
#46 {main}

[previous exception] [object] (Doctrine\\DBAL\\Driver\\PDOException(code: 42S22): SQLSTATE[42S22]: Column not found: 1054 Unknown column 'registration_as' in 'field list' at C:\\inetpub\\wwwroot\\bo-ica.digitalresearch.ae\\attendees\\Attendize\\vendor\\doctrine\\dbal\\lib\\Doctrine\\DBAL\\Driver\\PDOConnection.php:66)
[stacktrace]
#0 C:\\inetpub\\wwwroot\\bo-ica.digitalresearch.ae\\attendees\\Attendize\\vendor\\laravel\\framework\\src\\Illuminate\\Database\\Connection.php(457): Doctrine\\DBAL\\Driver\\PDOConnection->prepare('insert into `de...')
#1 C:\\inetpub\\wwwroot\\bo-ica.digitalresearch.ae\\attendees\\Attendize\\vendor\\laravel\\framework\\src\\Illuminate\\Database\\Connection.php(662): Illuminate\\Database\\Connection->Illuminate\\Database\\{closure}('insert into `de...', Array)
#2 C:\\inetpub\\wwwroot\\bo-ica.digitalresearch.ae\\attendees\\Attendize\\vendor\\laravel\\framework\\src\\Illuminate\\Database\\Connection.php(629): Illuminate\\Database\\Connection->runQueryCallback('insert into `de...', Array, Object(Closure))
#3 C:\\inetpub\\wwwroot\\bo-ica.digitalresearch.ae\\attendees\\Attendize\\vendor\\laravel\\framework\\src\\Illuminate\\Database\\Connection.php(464): Illuminate\\Database\\Connection->run('insert into `de...', Array, Object(Closure))
#4 C:\\inetpub\\wwwroot\\bo-ica.digitalresearch.ae\\attendees\\Attendize\\vendor\\laravel\\framework\\src\\Illuminate\\Database\\Connection.php(416): Illuminate\\Database\\Connection->statement('insert into `de...', Array)
#5 C:\\inetpub\\wwwroot\\bo-ica.digitalresearch.ae\\attendees\\Attendize\\vendor\\laravel\\framework\\src\\Illuminate\\Database\\Query\\Processors\\Processor.php(32): Illuminate\\Database\\Connection->insert('insert into `de...', Array)
#6 C:\\inetpub\\wwwroot\\bo-ica.digitalresearch.ae\\attendees\\Attendize\\vendor\\laravel\\framework\\src\\Illuminate\\Database\\Query\\Builder.php(2695): Illuminate\\Database\\Query\\Processors\\Processor->processInsertGetId(Object(Illuminate\\Database\\Query\\Builder), 'insert into `de...', Array, 'id')
#7 C:\\inetpub\\wwwroot\\bo-ica.digitalresearch.ae\\attendees\\Attendize\\vendor\\laravel\\framework\\src\\Illuminate\\Database\\Eloquent\\Builder.php(1366): Illuminate\\Database\\Query\\Builder->insertGetId(Array, 'id')
#8 C:\\inetpub\\wwwroot\\bo-ica.digitalresearch.ae\\attendees\\Attendize\\vendor\\laravel\\framework\\src\\Illuminate\\Database\\Eloquent\\Model.php(840): Illuminate\\Database\\Eloquent\\Builder->__call('insertGetId', Array)
#9 C:\\inetpub\\wwwroot\\bo-ica.digitalresearch.ae\\attendees\\Attendize\\vendor\\laravel\\framework\\src\\Illuminate\\Database\\Eloquent\\Model.php(805): Illuminate\\Database\\Eloquent\\Model->insertAndSetId(Object(Illuminate\\Database\\Eloquent\\Builder), Array)
#10 C:\\inetpub\\wwwroot\\bo-ica.digitalresearch.ae\\attendees\\Attendize\\vendor\\laravel\\framework\\src\\Illuminate\\Database\\Eloquent\\Model.php(668): Illuminate\\Database\\Eloquent\\Model->performInsert(Object(Illuminate\\Database\\Eloquent\\Builder))
#11 C:\\inetpub\\wwwroot\\bo-ica.digitalresearch.ae\\attendees\\Attendize\\app\\Http\\Controllers\\ApiregistrationController.php(77): Illuminate\\Database\\Eloquent\\Model->save()
#12 [internal function]: App\\Http\\Controllers\\ApiregistrationController->newdelegate(Object(Illuminate\\Http\\Request))
#13 C:\\inetpub\\wwwroot\\bo-ica.digitalresearch.ae\\attendees\\Attendize\\vendor\\laravel\\framework\\src\\Illuminate\\Routing\\Controller.php(54): call_user_func_array(Array, Array)
#14 C:\\inetpub\\wwwroot\\bo-ica.digitalresearch.ae\\attendees\\Attendize\\vendor\\laravel\\framework\\src\\Illuminate\\Routing\\ControllerDispatcher.php(45): Illuminate\\Routing\\Controller->callAction('newdelegate', Array)
#15 C:\\inetpub\\wwwroot\\bo-ica.digitalresearch.ae\\attendees\\Attendize\\vendor\\laravel\\framework\\src\\Illuminate\\Routing\\Route.php(219): Illuminate\\Routing\\ControllerDispatcher->dispatch(Object(Illuminate\\Routing\\Route), Object(App\\Http\\Controllers\\ApiregistrationController), 'newdelegate')
#16 C:\\inetpub\\wwwroot\\bo-ica.digitalresearch.ae\\attendees\\Attendize\\vendor\\laravel\\framework\\src\\Illuminate\\Routing\\Route.php(176): Illuminate\\Routing\\Route->runController()
#17 C:\\inetpub\\wwwroot\\bo-ica.digitalresearch.ae\\attendees\\Attendize\\vendor\\laravel\\framework\\src\\Illuminate\\Routing\\Router.php(681): Illuminate\\Routing\\Route->run()
#18 C:\\inetpub\\wwwroot\\bo-ica.digitalresearch.ae\\attendees\\Attendize\\vendor\\laravel\\framework\\src\\Illuminate\\Pipeline\\Pipeline.php(130): Illuminate\\Routing\\Router->Illuminate\\Routing\\{closure}(Object(Illuminate\\Http\\Request))
#19 C:\\inetpub\\wwwroot\\bo-ica.digitalresearch.ae\\attendees\\Attendize\\vendor\\laravel\\framework\\src\\Illuminate\\Routing\\Middleware\\SubstituteBindings.php(41): Illuminate\\Pipeline\\Pipeline->Illuminate\\Pipeline\\{closure}(Object(Illuminate\\Http\\Request))
#20 C:\\inetpub\\wwwroot\\bo-ica.digitalresearch.ae\\attendees\\Attendize\\vendor\\laravel\\framework\\src\\Illuminate\\Pipeline\\Pipeline.php(171): Illuminate\\Routing\\Middleware\\SubstituteBindings->handle(Object(Illuminate\\Http\\Request), Object(Closure))
#21 C:\\inetpub\\wwwroot\\bo-ica.digitalresearch.ae\\attendees\\Attendize\\vendor\\laravel\\framework\\src\\Illuminate\\Routing\\Middleware\\ThrottleRequests.php(59): Illuminate\\Pipeline\\Pipeline->Illuminate\\Pipeline\\{closure}(Object(Illuminate\\Http\\Request))
#22 C:\\inetpub\\wwwroot\\bo-ica.digitalresearch.ae\\attendees\\Attendize\\vendor\\laravel\\framework\\src\\Illuminate\\Pipeline\\Pipeline.php(171): Illuminate\\Routing\\Middleware\\ThrottleRequests->handle(Object(Illuminate\\Http\\Request), Object(Closure), 60, '1')
#23 C:\\inetpub\\wwwroot\\bo-ica.digitalresearch.ae\\attendees\\Attendize\\vendor\\laravel\\framework\\src\\Illuminate\\Pipeline\\Pipeline.php(105): Illuminate\\Pipeline\\Pipeline->Illuminate\\Pipeline\\{closure}(Object(Illuminate\\Http\\Request))
#24 C:\\inetpub\\wwwroot\\bo-ica.digitalresearch.ae\\attendees\\Attendize\\vendor\\laravel\\framework\\src\\Illuminate\\Routing\\Router.php(683): Illuminate\\Pipeline\\Pipeline->then(Object(Closure))
#25 C:\\inetpub\\wwwroot\\bo-ica.digitalresearch.ae\\attendees\\Attendize\\vendor\\laravel\\framework\\src\\Illuminate\\Routing\\Router.php(658): Illuminate\\Routing\\Router->runRouteWithinStack(Object(Illuminate\\Routing\\Route), Object(Illuminate\\Http\\Request))
#26 C:\\inetpub\\wwwroot\\bo-ica.digitalresearch.ae\\attendees\\Attendize\\vendor\\laravel\\framework\\src\\Illuminate\\Routing\\Router.php(624): Illuminate\\Routing\\Router->runRoute(Object(Illuminate\\Http\\Request), Object(Illuminate\\Routing\\Route))
#27 C:\\inetpub\\wwwroot\\bo-ica.digitalresearch.ae\\attendees\\Attendize\\vendor\\laravel\\framework\\src\\Illuminate\\Routing\\Router.php(613): Illuminate\\Routing\\Router->dispatchToRoute(Object(Illuminate\\Http\\Request))
#28 C:\\inetpub\\wwwroot\\bo-ica.digitalresearch.ae\\attendees\\Attendize\\vendor\\laravel\\framework\\src\\Illuminate\\Foundation\\Http\\Kernel.php(170): Illuminate\\Routing\\Router->dispatch(Object(Illuminate\\Http\\Request))
#29 C:\\inetpub\\wwwroot\\bo-ica.digitalresearch.ae\\attendees\\Attendize\\vendor\\laravel\\framework\\src\\Illuminate\\Pipeline\\Pipeline.php(130): Illuminate\\Foundation\\Http\\Kernel->Illuminate\\Foundation\\Http\\{closure}(Object(Illuminate\\Http\\Request))
#30 C:\\inetpub\\wwwroot\\bo-ica.digitalresearch.ae\\attendees\\Attendize\\vendor\\laravel\\framework\\src\\Illuminate\\Foundation\\Http\\Middleware\\ValidatePostSize.php(27): Illuminate\\Pipeline\\Pipeline->Illuminate\\Pipeline\\{closure}(Object(Illuminate\\Http\\Request))
#31 C:\\inetpub\\wwwroot\\bo-ica.digitalresearch.ae\\attendees\\Attendize\\vendor\\laravel\\framework\\src\\Illuminate\\Pipeline\\Pipeline.php(171): Illuminate\\Foundation\\Http\\Middleware\\ValidatePostSize->handle(Object(Illuminate\\Http\\Request), Object(Closure))
#32 C:\\inetpub\\wwwroot\\bo-ica.digitalresearch.ae\\attendees\\Attendize\\vendor\\laravel\\framework\\src\\Illuminate\\Foundation\\Http\\Middleware\\TransformsRequest.php(21): Illuminate\\Pipeline\\Pipeline->Illuminate\\Pipeline\\{closure}(Object(Illuminate\\Http\\Request))
#33 C:\\inetpub\\wwwroot\\bo-ica.digitalresearch.ae\\attendees\\Attendize\\vendor\\laravel\\framework\\src\\Illuminate\\Pipeline\\Pipeline.php(171): Illuminate\\Foundation\\Http\\Middleware\\TransformsRequest->handle(Object(Illuminate\\Http\\Request), Object(Closure))
#34 C:\\inetpub\\wwwroot\\bo-ica.digitalresearch.ae\\attendees\\Attendize\\app\\Http\\Middleware\\Cors.php(18): Illuminate\\Pipeline\\Pipeline->Illuminate\\Pipeline\\{closure}(Object(Illuminate\\Http\\Request))
#35 C:\\inetpub\\wwwroot\\bo-ica.digitalresearch.ae\\attendees\\Attendize\\vendor\\laravel\\framework\\src\\Illuminate\\Pipeline\\Pipeline.php(171): App\\Http\\Middleware\\Cors->handle(Object(Illuminate\\Http\\Request), Object(Closure))
#36 C:\\inetpub\\wwwroot\\bo-ica.digitalresearch.ae\\attendees\\Attendize\\vendor\\fideloper\\proxy\\src\\TrustProxies.php(57): Illuminate\\Pipeline\\Pipeline->Illuminate\\Pipeline\\{closure}(Object(Illuminate\\Http\\Request))
#37 C:\\inetpub\\wwwroot\\bo-ica.digitalresearch.ae\\attendees\\Attendize\\vendor\\laravel\\framework\\src\\Illuminate\\Pipeline\\Pipeline.php(171): Fideloper\\Proxy\\TrustProxies->handle(Object(Illuminate\\Http\\Request), Object(Closure))
#38 C:\\inetpub\\wwwroot\\bo-ica.digitalresearch.ae\\attendees\\Attendize\\vendor\\laravel\\framework\\src\\Illuminate\\Foundation\\Http\\Middleware\\TransformsRequest.php(21): Illuminate\\Pipeline\\Pipeline->Illuminate\\Pipeline\\{closure}(Object(Illuminate\\Http\\Request))
#39 C:\\inetpub\\wwwroot\\bo-ica.digitalresearch.ae\\attendees\\Attendize\\vendor\\laravel\\framework\\src\\Illuminate\\Pipeline\\Pipeline.php(171): Illuminate\\Foundation\\Http\\Middleware\\TransformsRequest->handle(Object(Illuminate\\Http\\Request), Object(Closure))
#40 C:\\inetpub\\wwwroot\\bo-ica.digitalresearch.ae\\attendees\\Attendize\\app\\Http\\Middleware\\GeneralChecks.php(26): Illuminate\\Pipeline\\Pipeline->Illuminate\\Pipeline\\{closure}(Object(Illuminate\\Http\\Request))
#41 C:\\inetpub\\wwwroot\\bo-ica.digitalresearch.ae\\attendees\\Attendize\\vendor\\laravel\\framework\\src\\Illuminate\\Pipeline\\Pipeline.php(171): App\\Http\\Middleware\\GeneralChecks->handle(Object(Illuminate\\Http\\Request), Object(Closure))
#42 C:\\inetpub\\wwwroot\\bo-ica.digitalresearch.ae\\attendees\\Attendize\\vendor\\laravel\\framework\\src\\Illuminate\\Foundation\\Http\\Middleware\\CheckForMaintenanceMode.php(63): Illuminate\\Pipeline\\Pipeline->Illuminate\\Pipeline\\{closure}(Object(Illuminate\\Http\\Request))
#43 C:\\inetpub\\wwwroot\\bo-ica.digitalresearch.ae\\attendees\\Attendize\\vendor\\laravel\\framework\\src\\Illuminate\\Pipeline\\Pipeline.php(171): Illuminate\\Foundation\\Http\\Middleware\\CheckForMaintenanceMode->handle(Object(Illuminate\\Http\\Request), Object(Closure))
#44 C:\\inetpub\\wwwroot\\bo-ica.digitalresearch.ae\\attendees\\Attendize\\vendor\\laravel\\framework\\src\\Illuminate\\Pipeline\\Pipeline.php(105): Illuminate\\Pipeline\\Pipeline->Illuminate\\Pipeline\\{closure}(Object(Illuminate\\Http\\Request))
#45 C:\\inetpub\\wwwroot\\bo-ica.digitalresearch.ae\\attendees\\Attendize\\vendor\\laravel\\framework\\src\\Illuminate\\Foundation\\Http\\Kernel.php(145): Illuminate\\Pipeline\\Pipeline->then(Object(Closure))
#46 C:\\inetpub\\wwwroot\\bo-ica.digitalresearch.ae\\attendees\\Attendize\\vendor\\laravel\\framework\\src\\Illuminate\\Foundation\\Http\\Kernel.php(110): Illuminate\\Foundation\\Http\\Kernel->sendRequestThroughRouter(Object(Illuminate\\Http\\Request))
#47 C:\\inetpub\\wwwroot\\bo-ica.digitalresearch.ae\\attendees\\Attendize\\public\\index.php(55): Illuminate\\Foundation\\Http\\Kernel->handle(Object(Illuminate\\Http\\Request))
#48 {main}

[previous exception] [object] (PDOException(code: 42S22): SQLSTATE[42S22]: Column not found: 1054 Unknown column 'registration_as' in 'field list' at C:\\inetpub\\wwwroot\\bo-ica.digitalresearch.ae\\attendees\\Attendize\\vendor\\doctrine\\dbal\\lib\\Doctrine\\DBAL\\Driver\\PDOConnection.php:64)
[stacktrace]
#0 C:\\inetpub\\wwwroot\\bo-ica.digitalresearch.ae\\attendees\\Attendize\\vendor\\doctrine\\dbal\\lib\\Doctrine\\DBAL\\Driver\\PDOConnection.php(64): PDO->prepare('insert into `de...', Array)
#1 C:\\inetpub\\wwwroot\\bo-ica.digitalresearch.ae\\attendees\\Attendize\\vendor\\laravel\\framework\\src\\Illuminate\\Database\\Connection.php(457): Doctrine\\DBAL\\Driver\\PDOConnection->prepare('insert into `de...')
#2 C:\\inetpub\\wwwroot\\bo-ica.digitalresearch.ae\\attendees\\Attendize\\vendor\\laravel\\framework\\src\\Illuminate\\Database\\Connection.php(662): Illuminate\\Database\\Connection->Illuminate\\Database\\{closure}('insert into `de...', Array)
#3 C:\\inetpub\\wwwroot\\bo-ica.digitalresearch.ae\\attendees\\Attendize\\vendor\\laravel\\framework\\src\\Illuminate\\Database\\Connection.php(629): Illuminate\\Database\\Connection->runQueryCallback('insert into `de...', Array, Object(Closure))
#4 C:\\inetpub\\wwwroot\\bo-ica.digitalresearch.ae\\attendees\\Attendize\\vendor\\laravel\\framework\\src\\Illuminate\\Database\\Connection.php(464): Illuminate\\Database\\Connection->run('insert into `de...', Array, Object(Closure))
#5 C:\\inetpub\\wwwroot\\bo-ica.digitalresearch.ae\\attendees\\Attendize\\vendor\\laravel\\framework\\src\\Illuminate\\Database\\Connection.php(416): Illuminate\\Database\\Connection->statement('insert into `de...', Array)
#6 C:\\inetpub\\wwwroot\\bo-ica.digitalresearch.ae\\attendees\\Attendize\\vendor\\laravel\\framework\\src\\Illuminate\\Database\\Query\\Processors\\Processor.php(32): Illuminate\\Database\\Connection->insert('insert into `de...', Array)
#7 C:\\inetpub\\wwwroot\\bo-ica.digitalresearch.ae\\attendees\\Attendize\\vendor\\laravel\\framework\\src\\Illuminate\\Database\\Query\\Builder.php(2695): Illuminate\\Database\\Query\\Processors\\Processor->processInsertGetId(Object(Illuminate\\Database\\Query\\Builder), 'insert into `de...', Array, 'id')
#8 C:\\inetpub\\wwwroot\\bo-ica.digitalresearch.ae\\attendees\\Attendize\\vendor\\laravel\\framework\\src\\Illuminate\\Database\\Eloquent\\Builder.php(1366): Illuminate\\Database\\Query\\Builder->insertGetId(Array, 'id')
#9 C:\\inetpub\\wwwroot\\bo-ica.digitalresearch.ae\\attendees\\Attendize\\vendor\\laravel\\framework\\src\\Illuminate\\Database\\Eloquent\\Model.php(840): Illuminate\\Database\\Eloquent\\Builder->__call('insertGetId', Array)
#10 C:\\inetpub\\wwwroot\\bo-ica.digitalresearch.ae\\attendees\\Attendize\\vendor\\laravel\\framework\\src\\Illuminate\\Database\\Eloquent\\Model.php(805): Illuminate\\Database\\Eloquent\\Model->insertAndSetId(Object(Illuminate\\Database\\Eloquent\\Builder), Array)
#11 C:\\inetpub\\wwwroot\\bo-ica.digitalresearch.ae\\attendees\\Attendize\\vendor\\laravel\\framework\\src\\Illuminate\\Database\\Eloquent\\Model.php(668): Illuminate\\Database\\Eloquent\\Model->performInsert(Object(Illuminate\\Database\\Eloquent\\Builder))
#12 C:\\inetpub\\wwwroot\\bo-ica.digitalresearch.ae\\attendees\\Attendize\\app\\Http\\Controllers\\ApiregistrationController.php(77): Illuminate\\Database\\Eloquent\\Model->save()
#13 [internal function]: App\\Http\\Controllers\\ApiregistrationController->newdelegate(Object(Illuminate\\Http\\Request))
#14 C:\\inetpub\\wwwroot\\bo-ica.digitalresearch.ae\\attendees\\Attendize\\vendor\\laravel\\framework\\src\\Illuminate\\Routing\\Controller.php(54): call_user_func_array(Array, Array)
#15 C:\\inetpub\\wwwroot\\bo-ica.digitalresearch.ae\\attendees\\Attendize\\vendor\\laravel\\framework\\src\\Illuminate\\Routing\\ControllerDispatcher.php(45): Illuminate\\Routing\\Controller->callAction('newdelegate', Array)
#16 C:\\inetpub\\wwwroot\\bo-ica.digitalresearch.ae\\attendees\\Attendize\\vendor\\laravel\\framework\\src\\Illuminate\\Routing\\Route.php(219): Illuminate\\Routing\\ControllerDispatcher->dispatch(Object(Illuminate\\Routing\\Route), Object(App\\Http\\Controllers\\ApiregistrationController), 'newdelegate')
#17 C:\\inetpub\\wwwroot\\bo-ica.digitalresearch.ae\\attendees\\Attendize\\vendor\\laravel\\framework\\src\\Illuminate\\Routing\\Route.php(176): Illuminate\\Routing\\Route->runController()
#18 C:\\inetpub\\wwwroot\\bo-ica.digitalresearch.ae\\attendees\\Attendize\\vendor\\laravel\\framework\\src\\Illuminate\\Routing\\Router.php(681): Illuminate\\Routing\\Route->run()
#19 C:\\inetpub\\wwwroot\\bo-ica.digitalresearch.ae\\attendees\\Attendize\\vendor\\laravel\\framework\\src\\Illuminate\\Pipeline\\Pipeline.php(130): Illuminate\\Routing\\Router->Illuminate\\Routing\\{closure}(Object(Illuminate\\Http\\Request))
#20 C:\\inetpub\\wwwroot\\bo-ica.digitalresearch.ae\\attendees\\Attendize\\vendor\\laravel\\framework\\src\\Illuminate\\Routing\\Middleware\\SubstituteBindings.php(41): Illuminate\\Pipeline\\Pipeline->Illuminate\\Pipeline\\{closure}(Object(Illuminate\\Http\\Request))
#21 C:\\inetpub\\wwwroot\\bo-ica.digitalresearch.ae\\attendees\\Attendize\\vendor\\laravel\\framework\\src\\Illuminate\\Pipeline\\Pipeline.php(171): Illuminate\\Routing\\Middleware\\SubstituteBindings->handle(Object(Illuminate\\Http\\Request), Object(Closure))
#22 C:\\inetpub\\wwwroot\\bo-ica.digitalresearch.ae\\attendees\\Attendize\\vendor\\laravel\\framework\\src\\Illuminate\\Routing\\Middleware\\ThrottleRequests.php(59): Illuminate\\Pipeline\\Pipeline->Illuminate\\Pipeline\\{closure}(Object(Illuminate\\Http\\Request))
#23 C:\\inetpub\\wwwroot\\bo-ica.digitalresearch.ae\\attendees\\Attendize\\vendor\\laravel\\framework\\src\\Illuminate\\Pipeline\\Pipeline.php(171): Illuminate\\Routing\\Middleware\\ThrottleRequests->handle(Object(Illuminate\\Http\\Request), Object(Closure), 60, '1')
#24 C:\\inetpub\\wwwroot\\bo-ica.digitalresearch.ae\\attendees\\Attendize\\vendor\\laravel\\framework\\src\\Illuminate\\Pipeline\\Pipeline.php(105): Illuminate\\Pipeline\\Pipeline->Illuminate\\Pipeline\\{closure}(Object(Illuminate\\Http\\Request))
#25 C:\\inetpub\\wwwroot\\bo-ica.digitalresearch.ae\\attendees\\Attendize\\vendor\\laravel\\framework\\src\\Illuminate\\Routing\\Router.php(683): Illuminate\\Pipeline\\Pipeline->then(Object(Closure))
#26 C:\\inetpub\\wwwroot\\bo-ica.digitalresearch.ae\\attendees\\Attendize\\vendor\\laravel\\framework\\src\\Illuminate\\Routing\\Router.php(658): Illuminate\\Routing\\Router->runRouteWithinStack(Object(Illuminate\\Routing\\Route), Object(Illuminate\\Http\\Request))
#27 C:\\inetpub\\wwwroot\\bo-ica.digitalresearch.ae\\attendees\\Attendize\\vendor\\laravel\\framework\\src\\Illuminate\\Routing\\Router.php(624): Illuminate\\Routing\\Router->runRoute(Object(Illuminate\\Http\\Request), Object(Illuminate\\Routing\\Route))
#28 C:\\inetpub\\wwwroot\\bo-ica.digitalresearch.ae\\attendees\\Attendize\\vendor\\laravel\\framework\\src\\Illuminate\\Routing\\Router.php(613): Illuminate\\Routing\\Router->dispatchToRoute(Object(Illuminate\\Http\\Request))
#29 C:\\inetpub\\wwwroot\\bo-ica.digitalresearch.ae\\attendees\\Attendize\\vendor\\laravel\\framework\\src\\Illuminate\\Foundation\\Http\\Kernel.php(170): Illuminate\\Routing\\Router->dispatch(Object(Illuminate\\Http\\Request))
#30 C:\\inetpub\\wwwroot\\bo-ica.digitalresearch.ae\\attendees\\Attendize\\vendor\\laravel\\framework\\src\\Illuminate\\Pipeline\\Pipeline.php(130): Illuminate\\Foundation\\Http\\Kernel->Illuminate\\Foundation\\Http\\{closure}(Object(Illuminate\\Http\\Request))
#31 C:\\inetpub\\wwwroot\\bo-ica.digitalresearch.ae\\attendees\\Attendize\\vendor\\laravel\\framework\\src\\Illuminate\\Foundation\\Http\\Middleware\\ValidatePostSize.php(27): Illuminate\\Pipeline\\Pipeline->Illuminate\\Pipeline\\{closure}(Object(Illuminate\\Http\\Request))
#32 C:\\inetpub\\wwwroot\\bo-ica.digitalresearch.ae\\attendees\\Attendize\\vendor\\laravel\\framework\\src\\Illuminate\\Pipeline\\Pipeline.php(171): Illuminate\\Foundation\\Http\\Middleware\\ValidatePostSize->handle(Object(Illuminate\\Http\\Request), Object(Closure))
#33 C:\\inetpub\\wwwroot\\bo-ica.digitalresearch.ae\\attendees\\Attendize\\vendor\\laravel\\framework\\src\\Illuminate\\Foundation\\Http\\Middleware\\TransformsRequest.php(21): Illuminate\\Pipeline\\Pipeline->Illuminate\\Pipeline\\{closure}(Object(Illuminate\\Http\\Request))
#34 C:\\inetpub\\wwwroot\\bo-ica.digitalresearch.ae\\attendees\\Attendize\\vendor\\laravel\\framework\\src\\Illuminate\\Pipeline\\Pipeline.php(171): Illuminate\\Foundation\\Http\\Middleware\\TransformsRequest->handle(Object(Illuminate\\Http\\Request), Object(Closure))
#35 C:\\inetpub\\wwwroot\\bo-ica.digitalresearch.ae\\attendees\\Attendize\\app\\Http\\Middleware\\Cors.php(18): Illuminate\\Pipeline\\Pipeline->Illuminate\\Pipeline\\{closure}(Object(Illuminate\\Http\\Request))
#36 C:\\inetpub\\wwwroot\\bo-ica.digitalresearch.ae\\attendees\\Attendize\\vendor\\laravel\\framework\\src\\Illuminate\\Pipeline\\Pipeline.php(171): App\\Http\\Middleware\\Cors->handle(Object(Illuminate\\Http\\Request), Object(Closure))
#37 C:\\inetpub\\wwwroot\\bo-ica.digitalresearch.ae\\attendees\\Attendize\\vendor\\fideloper\\proxy\\src\\TrustProxies.php(57): Illuminate\\Pipeline\\Pipeline->Illuminate\\Pipeline\\{closure}(Object(Illuminate\\Http\\Request))
#38 C:\\inetpub\\wwwroot\\bo-ica.digitalresearch.ae\\attendees\\Attendize\\vendor\\laravel\\framework\\src\\Illuminate\\Pipeline\\Pipeline.php(171): Fideloper\\Proxy\\TrustProxies->handle(Object(Illuminate\\Http\\Request), Object(Closure))
#39 C:\\inetpub\\wwwroot\\bo-ica.digitalresearch.ae\\attendees\\Attendize\\vendor\\laravel\\framework\\src\\Illuminate\\Foundation\\Http\\Middleware\\TransformsRequest.php(21): Illuminate\\Pipeline\\Pipeline->Illuminate\\Pipeline\\{closure}(Object(Illuminate\\Http\\Request))
#40 C:\\inetpub\\wwwroot\\bo-ica.digitalresearch.ae\\attendees\\Attendize\\vendor\\laravel\\framework\\src\\Illuminate\\Pipeline\\Pipeline.php(171): Illuminate\\Foundation\\Http\\Middleware\\TransformsRequest->handle(Object(Illuminate\\Http\\Request), Object(Closure))
#41 C:\\inetpub\\wwwroot\\bo-ica.digitalresearch.ae\\attendees\\Attendize\\app\\Http\\Middleware\\GeneralChecks.php(26): Illuminate\\Pipeline\\Pipeline->Illuminate\\Pipeline\\{closure}(Object(Illuminate\\Http\\Request))
#42 C:\\inetpub\\wwwroot\\bo-ica.digitalresearch.ae\\attendees\\Attendize\\vendor\\laravel\\framework\\src\\Illuminate\\Pipeline\\Pipeline.php(171): App\\Http\\Middleware\\GeneralChecks->handle(Object(Illuminate\\Http\\Request), Object(Closure))
#43 C:\\inetpub\\wwwroot\\bo-ica.digitalresearch.ae\\attendees\\Attendize\\vendor\\laravel\\framework\\src\\Illuminate\\Foundation\\Http\\Middleware\\CheckForMaintenanceMode.php(63): Illuminate\\Pipeline\\Pipeline->Illuminate\\Pipeline\\{closure}(Object(Illuminate\\Http\\Request))
#44 C:\\inetpub\\wwwroot\\bo-ica.digitalresearch.ae\\attendees\\Attendize\\vendor\\laravel\\framework\\src\\Illuminate\\Pipeline\\Pipeline.php(171): Illuminate\\Foundation\\Http\\Middleware\\CheckForMaintenanceMode->handle(Object(Illuminate\\Http\\Request), Object(Closure))
#45 C:\\inetpub\\wwwroot\\bo-ica.digitalresearch.ae\\attendees\\Attendize\\vendor\\laravel\\framework\\src\\Illuminate\\Pipeline\\Pipeline.php(105): Illuminate\\Pipeline\\Pipeline->Illuminate\\Pipeline\\{closure}(Object(Illuminate\\Http\\Request))
#46 C:\\inetpub\\wwwroot\\bo-ica.digitalresearch.ae\\attendees\\Attendize\\vendor\\laravel\\framework\\src\\Illuminate\\Foundation\\Http\\Kernel.php(145): Illuminate\\Pipeline\\Pipeline->then(Object(Closure))
#47 C:\\inetpub\\wwwroot\\bo-ica.digitalresearch.ae\\attendees\\Attendize\\vendor\\laravel\\framework\\src\\Illuminate\\Foundation\\Http\\Kernel.php(110): Illuminate\\Foundation\\Http\\Kernel->sendRequestThroughRouter(Object(Illuminate\\Http\\Request))
#48 C:\\inetpub\\wwwroot\\bo-ica.digitalresearch.ae\\attendees\\Attendize\\public\\index.php(55): Illuminate\\Foundation\\Http\\Kernel->handle(Object(Illuminate\\Http\\Request))
#49 {main}
"} 
