[2020-09-02 10:36:57] production.ERROR: Class 'App\Http\Controllers\Program' not found {"exception":"[object] (Symfony\\Component\\Debug\\Exception\\FatalThrowableError(code: 0): Class 'App\\Http\\Controllers\\Program' not found at C:\\inetpub\\wwwroot\\bo-ica.digitalresearch.ae\\attendees\\Attendize\\app\\Http\\Controllers\\ApiregistrationController.php:411)
[stacktrace]
#0 [internal function]: App\\Http\\Controllers\\ApiregistrationController->listProgram(Object(Illuminate\\Http\\Request))
#1 C:\\inetpub\\wwwroot\\bo-ica.digitalresearch.ae\\attendees\\Attendize\\vendor\\laravel\\framework\\src\\Illuminate\\Routing\\Controller.php(54): call_user_func_array(Array, Array)
#2 C:\\inetpub\\wwwroot\\bo-ica.digitalresearch.ae\\attendees\\Attendize\\vendor\\laravel\\framework\\src\\Illuminate\\Routing\\ControllerDispatcher.php(45): Illuminate\\Routing\\Controller->callAction('listProgram', Array)
#3 C:\\inetpub\\wwwroot\\bo-ica.digitalresearch.ae\\attendees\\Attendize\\vendor\\laravel\\framework\\src\\Illuminate\\Routing\\Route.php(219): Illuminate\\Routing\\ControllerDispatcher->dispatch(Object(Illuminate\\Routing\\Route), Object(App\\Http\\Controllers\\ApiregistrationController), 'listProgram')
#4 C:\\inetpub\\wwwroot\\bo-ica.digitalresearch.ae\\attendees\\Attendize\\vendor\\laravel\\framework\\src\\Illuminate\\Routing\\Route.php(176): Illuminate\\Routing\\Route->runController()
#5 C:\\inetpub\\wwwroot\\bo-ica.digitalresearch.ae\\attendees\\Attendize\\vendor\\laravel\\framework\\src\\Illuminate\\Routing\\Router.php(681): Illuminate\\Routing\\Route->run()
#6 C:\\inetpub\\wwwroot\\bo-ica.digitalresearch.ae\\attendees\\Attendize\\vendor\\laravel\\framework\\src\\Illuminate\\Pipeline\\Pipeline.php(130): Illuminate\\Routing\\Router->Illuminate\\Routing\\{closure}(Object(Illuminate\\Http\\Request))
#7 C:\\inetpub\\wwwroot\\bo-ica.digitalresearch.ae\\attendees\\Attendize\\vendor\\laravel\\framework\\src\\Illuminate\\Routing\\Middleware\\SubstituteBindings.php(41): Illuminate\\Pipeline\\Pipeline->Illuminate\\Pipeline\\{closure}(Object(Illuminate\\Http\\Request))
#8 C:\\inetpub\\wwwroot\\bo-ica.digitalresearch.ae\\attendees\\Attendize\\vendor\\laravel\\framework\\src\\Illuminate\\Pipeline\\Pipeline.php(171): Illuminate\\Routing\\Middleware\\SubstituteBindings->handle(Object(Illuminate\\Http\\Request), Object(Closure))
#9 C:\\inetpub\\wwwroot\\bo-ica.digitalresearch.ae\\attendees\\Attendize\\vendor\\laravel\\framework\\src\\Illuminate\\Routing\\Middleware\\ThrottleRequests.php(59): Illuminate\\Pipeline\\Pipeline->Illuminate\\Pipeline\\{closure}(Object(Illuminate\\Http\\Request))
#10 C:\\inetpub\\wwwroot\\bo-ica.digitalresearch.ae\\attendees\\Attendize\\vendor\\laravel\\framework\\src\\Illuminate\\Pipeline\\Pipeline.php(171): Illuminate\\Routing\\Middleware\\ThrottleRequests->handle(Object(Illuminate\\Http\\Request), Object(Closure), 60, '1')
#11 C:\\inetpub\\wwwroot\\bo-ica.digitalresearch.ae\\attendees\\Attendize\\vendor\\laravel\\framework\\src\\Illuminate\\Pipeline\\Pipeline.php(105): Illuminate\\Pipeline\\Pipeline->Illuminate\\Pipeline\\{closure}(Object(Illuminate\\Http\\Request))
#12 C:\\inetpub\\wwwroot\\bo-ica.digitalresearch.ae\\attendees\\Attendize\\vendor\\laravel\\framework\\src\\Illuminate\\Routing\\Router.php(683): Illuminate\\Pipeline\\Pipeline->then(Object(Closure))
#13 C:\\inetpub\\wwwroot\\bo-ica.digitalresearch.ae\\attendees\\Attendize\\vendor\\laravel\\framework\\src\\Illuminate\\Routing\\Router.php(658): Illuminate\\Routing\\Router->runRouteWithinStack(Object(Illuminate\\Routing\\Route), Object(Illuminate\\Http\\Request))
#14 C:\\inetpub\\wwwroot\\bo-ica.digitalresearch.ae\\attendees\\Attendize\\vendor\\laravel\\framework\\src\\Illuminate\\Routing\\Router.php(624): Illuminate\\Routing\\Router->runRoute(Object(Illuminate\\Http\\Request), Object(Illuminate\\Routing\\Route))
#15 C:\\inetpub\\wwwroot\\bo-ica.digitalresearch.ae\\attendees\\Attendize\\vendor\\laravel\\framework\\src\\Illuminate\\Routing\\Router.php(613): Illuminate\\Routing\\Router->dispatchToRoute(Object(Illuminate\\Http\\Request))
#16 C:\\inetpub\\wwwroot\\bo-ica.digitalresearch.ae\\attendees\\Attendize\\vendor\\laravel\\framework\\src\\Illuminate\\Foundation\\Http\\Kernel.php(170): Illuminate\\Routing\\Router->dispatch(Object(Illuminate\\Http\\Request))
#17 C:\\inetpub\\wwwroot\\bo-ica.digitalresearch.ae\\attendees\\Attendize\\vendor\\laravel\\framework\\src\\Illuminate\\Pipeline\\Pipeline.php(130): Illuminate\\Foundation\\Http\\Kernel->Illuminate\\Foundation\\Http\\{closure}(Object(Illuminate\\Http\\Request))
#18 C:\\inetpub\\wwwroot\\bo-ica.digitalresearch.ae\\attendees\\Attendize\\vendor\\laravel\\framework\\src\\Illuminate\\Foundation\\Http\\Middleware\\ValidatePostSize.php(27): Illuminate\\Pipeline\\Pipeline->Illuminate\\Pipeline\\{closure}(Object(Illuminate\\Http\\Request))
#19 C:\\inetpub\\wwwroot\\bo-ica.digitalresearch.ae\\attendees\\Attendize\\vendor\\laravel\\framework\\src\\Illuminate\\Pipeline\\Pipeline.php(171): Illuminate\\Foundation\\Http\\Middleware\\ValidatePostSize->handle(Object(Illuminate\\Http\\Request), Object(Closure))
#20 C:\\inetpub\\wwwroot\\bo-ica.digitalresearch.ae\\attendees\\Attendize\\vendor\\laravel\\framework\\src\\Illuminate\\Foundation\\Http\\Middleware\\TransformsRequest.php(21): Illuminate\\Pipeline\\Pipeline->Illuminate\\Pipeline\\{closure}(Object(Illuminate\\Http\\Request))
#21 C:\\inetpub\\wwwroot\\bo-ica.digitalresearch.ae\\attendees\\Attendize\\vendor\\laravel\\framework\\src\\Illuminate\\Pipeline\\Pipeline.php(171): Illuminate\\Foundation\\Http\\Middleware\\TransformsRequest->handle(Object(Illuminate\\Http\\Request), Object(Closure))
#22 C:\\inetpub\\wwwroot\\bo-ica.digitalresearch.ae\\attendees\\Attendize\\app\\Http\\Middleware\\Cors.php(18): Illuminate\\Pipeline\\Pipeline->Illuminate\\Pipeline\\{closure}(Object(Illuminate\\Http\\Request))
#23 C:\\inetpub\\wwwroot\\bo-ica.digitalresearch.ae\\attendees\\Attendize\\vendor\\laravel\\framework\\src\\Illuminate\\Pipeline\\Pipeline.php(171): App\\Http\\Middleware\\Cors->handle(Object(Illuminate\\Http\\Request), Object(Closure))
#24 C:\\inetpub\\wwwroot\\bo-ica.digitalresearch.ae\\attendees\\Attendize\\vendor\\fideloper\\proxy\\src\\TrustProxies.php(57): Illuminate\\Pipeline\\Pipeline->Illuminate\\Pipeline\\{closure}(Object(Illuminate\\Http\\Request))
#25 C:\\inetpub\\wwwroot\\bo-ica.digitalresearch.ae\\attendees\\Attendize\\vendor\\laravel\\framework\\src\\Illuminate\\Pipeline\\Pipeline.php(171): Fideloper\\Proxy\\TrustProxies->handle(Object(Illuminate\\Http\\Request), Object(Closure))
#26 C:\\inetpub\\wwwroot\\bo-ica.digitalresearch.ae\\attendees\\Attendize\\vendor\\laravel\\framework\\src\\Illuminate\\Foundation\\Http\\Middleware\\TransformsRequest.php(21): Illuminate\\Pipeline\\Pipeline->Illuminate\\Pipeline\\{closure}(Object(Illuminate\\Http\\Request))
#27 C:\\inetpub\\wwwroot\\bo-ica.digitalresearch.ae\\attendees\\Attendize\\vendor\\laravel\\framework\\src\\Illuminate\\Pipeline\\Pipeline.php(171): Illuminate\\Foundation\\Http\\Middleware\\TransformsRequest->handle(Object(Illuminate\\Http\\Request), Object(Closure))
#28 C:\\inetpub\\wwwroot\\bo-ica.digitalresearch.ae\\attendees\\Attendize\\app\\Http\\Middleware\\GeneralChecks.php(26): Illuminate\\Pipeline\\Pipeline->Illuminate\\Pipeline\\{closure}(Object(Illuminate\\Http\\Request))
#29 C:\\inetpub\\wwwroot\\bo-ica.digitalresearch.ae\\attendees\\Attendize\\vendor\\laravel\\framework\\src\\Illuminate\\Pipeline\\Pipeline.php(171): App\\Http\\Middleware\\GeneralChecks->handle(Object(Illuminate\\Http\\Request), Object(Closure))
#30 C:\\inetpub\\wwwroot\\bo-ica.digitalresearch.ae\\attendees\\Attendize\\vendor\\laravel\\framework\\src\\Illuminate\\Foundation\\Http\\Middleware\\CheckForMaintenanceMode.php(63): Illuminate\\Pipeline\\Pipeline->Illuminate\\Pipeline\\{closure}(Object(Illuminate\\Http\\Request))
#31 C:\\inetpub\\wwwroot\\bo-ica.digitalresearch.ae\\attendees\\Attendize\\vendor\\laravel\\framework\\src\\Illuminate\\Pipeline\\Pipeline.php(171): Illuminate\\Foundation\\Http\\Middleware\\CheckForMaintenanceMode->handle(Object(Illuminate\\Http\\Request), Object(Closure))
#32 C:\\inetpub\\wwwroot\\bo-ica.digitalresearch.ae\\attendees\\Attendize\\vendor\\laravel\\framework\\src\\Illuminate\\Pipeline\\Pipeline.php(105): Illuminate\\Pipeline\\Pipeline->Illuminate\\Pipeline\\{closure}(Object(Illuminate\\Http\\Request))
#33 C:\\inetpub\\wwwroot\\bo-ica.digitalresearch.ae\\attendees\\Attendize\\vendor\\laravel\\framework\\src\\Illuminate\\Foundation\\Http\\Kernel.php(145): Illuminate\\Pipeline\\Pipeline->then(Object(Closure))
#34 C:\\inetpub\\wwwroot\\bo-ica.digitalresearch.ae\\attendees\\Attendize\\vendor\\laravel\\framework\\src\\Illuminate\\Foundation\\Http\\Kernel.php(110): Illuminate\\Foundation\\Http\\Kernel->sendRequestThroughRouter(Object(Illuminate\\Http\\Request))
#35 C:\\inetpub\\wwwroot\\bo-ica.digitalresearch.ae\\attendees\\Attendize\\public\\index.php(55): Illuminate\\Foundation\\Http\\Kernel->handle(Object(Illuminate\\Http\\Request))
#36 {main}
"} 
