[2020-09-25 12:57:35] production.ERROR: Undefined offset: 0 {"exception":"[object] (ErrorException(code: 0): Undefined offset: 0 at C:\\inetpub\\wwwroot\\bo-ica.digitalresearch.ae\\attendees\\Attendize\\app\\Http\\Controllers\\ApiregistrationController.php:271)
[stacktrace]
#0 C:\\inetpub\\wwwroot\\bo-ica.digitalresearch.ae\\attendees\\Attendize\\app\\Http\\Controllers\\ApiregistrationController.php(271): Illuminate\\Foundation\\Bootstrap\\HandleExceptions->handleError(8, 'Undefined offse...', 'C:\\\\inetpub\\\\wwwr...', 271, Array)
#1 [internal function]: App\\Http\\Controllers\\ApiregistrationController->fetchOneEvent('6')
#2 C:\\inetpub\\wwwroot\\bo-ica.digitalresearch.ae\\attendees\\Attendize\\vendor\\laravel\\framework\\src\\Illuminate\\Routing\\Controller.php(54): call_user_func_array(Array, Array)
#3 C:\\inetpub\\wwwroot\\bo-ica.digitalresearch.ae\\attendees\\Attendize\\vendor\\laravel\\framework\\src\\Illuminate\\Routing\\ControllerDispatcher.php(45): Illuminate\\Routing\\Controller->callAction('fetchOneEvent', Array)
#4 C:\\inetpub\\wwwroot\\bo-ica.digitalresearch.ae\\attendees\\Attendize\\vendor\\laravel\\framework\\src\\Illuminate\\Routing\\Route.php(219): Illuminate\\Routing\\ControllerDispatcher->dispatch(Object(Illuminate\\Routing\\Route), Object(App\\Http\\Controllers\\ApiregistrationController), 'fetchOneEvent')
#5 C:\\inetpub\\wwwroot\\bo-ica.digitalresearch.ae\\attendees\\Attendize\\vendor\\laravel\\framework\\src\\Illuminate\\Routing\\Route.php(176): Illuminate\\Routing\\Route->runController()
#6 C:\\inetpub\\wwwroot\\bo-ica.digitalresearch.ae\\attendees\\Attendize\\vendor\\laravel\\framework\\src\\Illuminate\\Routing\\Router.php(681): Illuminate\\Routing\\Route->run()
#7 C:\\inetpub\\wwwroot\\bo-ica.digitalresearch.ae\\attendees\\Attendize\\vendor\\laravel\\framework\\src\\Illuminate\\Pipeline\\Pipeline.php(130): Illuminate\\Routing\\Router->Illuminate\\Routing\\{closure}(Object(Illuminate\\Http\\Request))
#8 C:\\inetpub\\wwwroot\\bo-ica.digitalresearch.ae\\attendees\\Attendize\\vendor\\laravel\\framework\\src\\Illuminate\\Routing\\Middleware\\SubstituteBindings.php(41): Illuminate\\Pipeline\\Pipeline->Illuminate\\Pipeline\\{closure}(Object(Illuminate\\Http\\Request))
#9 C:\\inetpub\\wwwroot\\bo-ica.digitalresearch.ae\\attendees\\Attendize\\vendor\\laravel\\framework\\src\\Illuminate\\Pipeline\\Pipeline.php(171): Illuminate\\Routing\\Middleware\\SubstituteBindings->handle(Object(Illuminate\\Http\\Request), Object(Closure))
#10 C:\\inetpub\\wwwroot\\bo-ica.digitalresearch.ae\\attendees\\Attendize\\vendor\\laravel\\framework\\src\\Illuminate\\Routing\\Middleware\\ThrottleRequests.php(59): Illuminate\\Pipeline\\Pipeline->Illuminate\\Pipeline\\{closure}(Object(Illuminate\\Http\\Request))
#11 C:\\inetpub\\wwwroot\\bo-ica.digitalresearch.ae\\attendees\\Attendize\\vendor\\laravel\\framework\\src\\Illuminate\\Pipeline\\Pipeline.php(171): Illuminate\\Routing\\Middleware\\ThrottleRequests->handle(Object(Illuminate\\Http\\Request), Object(Closure), 60, '1')
#12 C:\\inetpub\\wwwroot\\bo-ica.digitalresearch.ae\\attendees\\Attendize\\vendor\\laravel\\framework\\src\\Illuminate\\Pipeline\\Pipeline.php(105): Illuminate\\Pipeline\\Pipeline->Illuminate\\Pipeline\\{closure}(Object(Illuminate\\Http\\Request))
#13 C:\\inetpub\\wwwroot\\bo-ica.digitalresearch.ae\\attendees\\Attendize\\vendor\\laravel\\framework\\src\\Illuminate\\Routing\\Router.php(683): Illuminate\\Pipeline\\Pipeline->then(Object(Closure))
#14 C:\\inetpub\\wwwroot\\bo-ica.digitalresearch.ae\\attendees\\Attendize\\vendor\\laravel\\framework\\src\\Illuminate\\Routing\\Router.php(658): Illuminate\\Routing\\Router->runRouteWithinStack(Object(Illuminate\\Routing\\Route), Object(Illuminate\\Http\\Request))
#15 C:\\inetpub\\wwwroot\\bo-ica.digitalresearch.ae\\attendees\\Attendize\\vendor\\laravel\\framework\\src\\Illuminate\\Routing\\Router.php(624): Illuminate\\Routing\\Router->runRoute(Object(Illuminate\\Http\\Request), Object(Illuminate\\Routing\\Route))
#16 C:\\inetpub\\wwwroot\\bo-ica.digitalresearch.ae\\attendees\\Attendize\\vendor\\laravel\\framework\\src\\Illuminate\\Routing\\Router.php(613): Illuminate\\Routing\\Router->dispatchToRoute(Object(Illuminate\\Http\\Request))
#17 C:\\inetpub\\wwwroot\\bo-ica.digitalresearch.ae\\attendees\\Attendize\\vendor\\laravel\\framework\\src\\Illuminate\\Foundation\\Http\\Kernel.php(170): Illuminate\\Routing\\Router->dispatch(Object(Illuminate\\Http\\Request))
#18 C:\\inetpub\\wwwroot\\bo-ica.digitalresearch.ae\\attendees\\Attendize\\vendor\\laravel\\framework\\src\\Illuminate\\Pipeline\\Pipeline.php(130): Illuminate\\Foundation\\Http\\Kernel->Illuminate\\Foundation\\Http\\{closure}(Object(Illuminate\\Http\\Request))
#19 C:\\inetpub\\wwwroot\\bo-ica.digitalresearch.ae\\attendees\\Attendize\\vendor\\laravel\\framework\\src\\Illuminate\\Foundation\\Http\\Middleware\\ValidatePostSize.php(27): Illuminate\\Pipeline\\Pipeline->Illuminate\\Pipeline\\{closure}(Object(Illuminate\\Http\\Request))
#20 C:\\inetpub\\wwwroot\\bo-ica.digitalresearch.ae\\attendees\\Attendize\\vendor\\laravel\\framework\\src\\Illuminate\\Pipeline\\Pipeline.php(171): Illuminate\\Foundation\\Http\\Middleware\\ValidatePostSize->handle(Object(Illuminate\\Http\\Request), Object(Closure))
#21 C:\\inetpub\\wwwroot\\bo-ica.digitalresearch.ae\\attendees\\Attendize\\vendor\\laravel\\framework\\src\\Illuminate\\Foundation\\Http\\Middleware\\TransformsRequest.php(21): Illuminate\\Pipeline\\Pipeline->Illuminate\\Pipeline\\{closure}(Object(Illuminate\\Http\\Request))
#22 C:\\inetpub\\wwwroot\\bo-ica.digitalresearch.ae\\attendees\\Attendize\\vendor\\laravel\\framework\\src\\Illuminate\\Pipeline\\Pipeline.php(171): Illuminate\\Foundation\\Http\\Middleware\\TransformsRequest->handle(Object(Illuminate\\Http\\Request), Object(Closure))
#23 C:\\inetpub\\wwwroot\\bo-ica.digitalresearch.ae\\attendees\\Attendize\\app\\Http\\Middleware\\Cors.php(18): Illuminate\\Pipeline\\Pipeline->Illuminate\\Pipeline\\{closure}(Object(Illuminate\\Http\\Request))
#24 C:\\inetpub\\wwwroot\\bo-ica.digitalresearch.ae\\attendees\\Attendize\\vendor\\laravel\\framework\\src\\Illuminate\\Pipeline\\Pipeline.php(171): App\\Http\\Middleware\\Cors->handle(Object(Illuminate\\Http\\Request), Object(Closure))
#25 C:\\inetpub\\wwwroot\\bo-ica.digitalresearch.ae\\attendees\\Attendize\\vendor\\fideloper\\proxy\\src\\TrustProxies.php(57): Illuminate\\Pipeline\\Pipeline->Illuminate\\Pipeline\\{closure}(Object(Illuminate\\Http\\Request))
#26 C:\\inetpub\\wwwroot\\bo-ica.digitalresearch.ae\\attendees\\Attendize\\vendor\\laravel\\framework\\src\\Illuminate\\Pipeline\\Pipeline.php(171): Fideloper\\Proxy\\TrustProxies->handle(Object(Illuminate\\Http\\Request), Object(Closure))
#27 C:\\inetpub\\wwwroot\\bo-ica.digitalresearch.ae\\attendees\\Attendize\\vendor\\laravel\\framework\\src\\Illuminate\\Foundation\\Http\\Middleware\\TransformsRequest.php(21): Illuminate\\Pipeline\\Pipeline->Illuminate\\Pipeline\\{closure}(Object(Illuminate\\Http\\Request))
#28 C:\\inetpub\\wwwroot\\bo-ica.digitalresearch.ae\\attendees\\Attendize\\vendor\\laravel\\framework\\src\\Illuminate\\Pipeline\\Pipeline.php(171): Illuminate\\Foundation\\Http\\Middleware\\TransformsRequest->handle(Object(Illuminate\\Http\\Request), Object(Closure))
#29 C:\\inetpub\\wwwroot\\bo-ica.digitalresearch.ae\\attendees\\Attendize\\app\\Http\\Middleware\\GeneralChecks.php(26): Illuminate\\Pipeline\\Pipeline->Illuminate\\Pipeline\\{closure}(Object(Illuminate\\Http\\Request))
#30 C:\\inetpub\\wwwroot\\bo-ica.digitalresearch.ae\\attendees\\Attendize\\vendor\\laravel\\framework\\src\\Illuminate\\Pipeline\\Pipeline.php(171): App\\Http\\Middleware\\GeneralChecks->handle(Object(Illuminate\\Http\\Request), Object(Closure))
#31 C:\\inetpub\\wwwroot\\bo-ica.digitalresearch.ae\\attendees\\Attendize\\vendor\\laravel\\framework\\src\\Illuminate\\Foundation\\Http\\Middleware\\CheckForMaintenanceMode.php(63): Illuminate\\Pipeline\\Pipeline->Illuminate\\Pipeline\\{closure}(Object(Illuminate\\Http\\Request))
#32 C:\\inetpub\\wwwroot\\bo-ica.digitalresearch.ae\\attendees\\Attendize\\vendor\\laravel\\framework\\src\\Illuminate\\Pipeline\\Pipeline.php(171): Illuminate\\Foundation\\Http\\Middleware\\CheckForMaintenanceMode->handle(Object(Illuminate\\Http\\Request), Object(Closure))
#33 C:\\inetpub\\wwwroot\\bo-ica.digitalresearch.ae\\attendees\\Attendize\\vendor\\laravel\\framework\\src\\Illuminate\\Pipeline\\Pipeline.php(105): Illuminate\\Pipeline\\Pipeline->Illuminate\\Pipeline\\{closure}(Object(Illuminate\\Http\\Request))
#34 C:\\inetpub\\wwwroot\\bo-ica.digitalresearch.ae\\attendees\\Attendize\\vendor\\laravel\\framework\\src\\Illuminate\\Foundation\\Http\\Kernel.php(145): Illuminate\\Pipeline\\Pipeline->then(Object(Closure))
#35 C:\\inetpub\\wwwroot\\bo-ica.digitalresearch.ae\\attendees\\Attendize\\vendor\\laravel\\framework\\src\\Illuminate\\Foundation\\Http\\Kernel.php(110): Illuminate\\Foundation\\Http\\Kernel->sendRequestThroughRouter(Object(Illuminate\\Http\\Request))
#36 C:\\inetpub\\wwwroot\\bo-ica.digitalresearch.ae\\attendees\\Attendize\\public\\index.php(55): Illuminate\\Foundation\\Http\\Kernel->handle(Object(Illuminate\\Http\\Request))
#37 {main}
"} 
[2020-09-25 12:57:59] production.ERROR: Undefined offset: 0 {"exception":"[object] (ErrorException(code: 0): Undefined offset: 0 at C:\\inetpub\\wwwroot\\bo-ica.digitalresearch.ae\\attendees\\Attendize\\app\\Http\\Controllers\\ApiregistrationController.php:271)
[stacktrace]
#0 C:\\inetpub\\wwwroot\\bo-ica.digitalresearch.ae\\attendees\\Attendize\\app\\Http\\Controllers\\ApiregistrationController.php(271): Illuminate\\Foundation\\Bootstrap\\HandleExceptions->handleError(8, 'Undefined offse...', 'C:\\\\inetpub\\\\wwwr...', 271, Array)
#1 [internal function]: App\\Http\\Controllers\\ApiregistrationController->fetchOneEvent('12')
#2 C:\\inetpub\\wwwroot\\bo-ica.digitalresearch.ae\\attendees\\Attendize\\vendor\\laravel\\framework\\src\\Illuminate\\Routing\\Controller.php(54): call_user_func_array(Array, Array)
#3 C:\\inetpub\\wwwroot\\bo-ica.digitalresearch.ae\\attendees\\Attendize\\vendor\\laravel\\framework\\src\\Illuminate\\Routing\\ControllerDispatcher.php(45): Illuminate\\Routing\\Controller->callAction('fetchOneEvent', Array)
#4 C:\\inetpub\\wwwroot\\bo-ica.digitalresearch.ae\\attendees\\Attendize\\vendor\\laravel\\framework\\src\\Illuminate\\Routing\\Route.php(219): Illuminate\\Routing\\ControllerDispatcher->dispatch(Object(Illuminate\\Routing\\Route), Object(App\\Http\\Controllers\\ApiregistrationController), 'fetchOneEvent')
#5 C:\\inetpub\\wwwroot\\bo-ica.digitalresearch.ae\\attendees\\Attendize\\vendor\\laravel\\framework\\src\\Illuminate\\Routing\\Route.php(176): Illuminate\\Routing\\Route->runController()
#6 C:\\inetpub\\wwwroot\\bo-ica.digitalresearch.ae\\attendees\\Attendize\\vendor\\laravel\\framework\\src\\Illuminate\\Routing\\Router.php(681): Illuminate\\Routing\\Route->run()
#7 C:\\inetpub\\wwwroot\\bo-ica.digitalresearch.ae\\attendees\\Attendize\\vendor\\laravel\\framework\\src\\Illuminate\\Pipeline\\Pipeline.php(130): Illuminate\\Routing\\Router->Illuminate\\Routing\\{closure}(Object(Illuminate\\Http\\Request))
#8 C:\\inetpub\\wwwroot\\bo-ica.digitalresearch.ae\\attendees\\Attendize\\vendor\\laravel\\framework\\src\\Illuminate\\Routing\\Middleware\\SubstituteBindings.php(41): Illuminate\\Pipeline\\Pipeline->Illuminate\\Pipeline\\{closure}(Object(Illuminate\\Http\\Request))
#9 C:\\inetpub\\wwwroot\\bo-ica.digitalresearch.ae\\attendees\\Attendize\\vendor\\laravel\\framework\\src\\Illuminate\\Pipeline\\Pipeline.php(171): Illuminate\\Routing\\Middleware\\SubstituteBindings->handle(Object(Illuminate\\Http\\Request), Object(Closure))
#10 C:\\inetpub\\wwwroot\\bo-ica.digitalresearch.ae\\attendees\\Attendize\\vendor\\laravel\\framework\\src\\Illuminate\\Routing\\Middleware\\ThrottleRequests.php(59): Illuminate\\Pipeline\\Pipeline->Illuminate\\Pipeline\\{closure}(Object(Illuminate\\Http\\Request))
#11 C:\\inetpub\\wwwroot\\bo-ica.digitalresearch.ae\\attendees\\Attendize\\vendor\\laravel\\framework\\src\\Illuminate\\Pipeline\\Pipeline.php(171): Illuminate\\Routing\\Middleware\\ThrottleRequests->handle(Object(Illuminate\\Http\\Request), Object(Closure), 60, '1')
#12 C:\\inetpub\\wwwroot\\bo-ica.digitalresearch.ae\\attendees\\Attendize\\vendor\\laravel\\framework\\src\\Illuminate\\Pipeline\\Pipeline.php(105): Illuminate\\Pipeline\\Pipeline->Illuminate\\Pipeline\\{closure}(Object(Illuminate\\Http\\Request))
#13 C:\\inetpub\\wwwroot\\bo-ica.digitalresearch.ae\\attendees\\Attendize\\vendor\\laravel\\framework\\src\\Illuminate\\Routing\\Router.php(683): Illuminate\\Pipeline\\Pipeline->then(Object(Closure))
#14 C:\\inetpub\\wwwroot\\bo-ica.digitalresearch.ae\\attendees\\Attendize\\vendor\\laravel\\framework\\src\\Illuminate\\Routing\\Router.php(658): Illuminate\\Routing\\Router->runRouteWithinStack(Object(Illuminate\\Routing\\Route), Object(Illuminate\\Http\\Request))
#15 C:\\inetpub\\wwwroot\\bo-ica.digitalresearch.ae\\attendees\\Attendize\\vendor\\laravel\\framework\\src\\Illuminate\\Routing\\Router.php(624): Illuminate\\Routing\\Router->runRoute(Object(Illuminate\\Http\\Request), Object(Illuminate\\Routing\\Route))
#16 C:\\inetpub\\wwwroot\\bo-ica.digitalresearch.ae\\attendees\\Attendize\\vendor\\laravel\\framework\\src\\Illuminate\\Routing\\Router.php(613): Illuminate\\Routing\\Router->dispatchToRoute(Object(Illuminate\\Http\\Request))
#17 C:\\inetpub\\wwwroot\\bo-ica.digitalresearch.ae\\attendees\\Attendize\\vendor\\laravel\\framework\\src\\Illuminate\\Foundation\\Http\\Kernel.php(170): Illuminate\\Routing\\Router->dispatch(Object(Illuminate\\Http\\Request))
#18 C:\\inetpub\\wwwroot\\bo-ica.digitalresearch.ae\\attendees\\Attendize\\vendor\\laravel\\framework\\src\\Illuminate\\Pipeline\\Pipeline.php(130): Illuminate\\Foundation\\Http\\Kernel->Illuminate\\Foundation\\Http\\{closure}(Object(Illuminate\\Http\\Request))
#19 C:\\inetpub\\wwwroot\\bo-ica.digitalresearch.ae\\attendees\\Attendize\\vendor\\laravel\\framework\\src\\Illuminate\\Foundation\\Http\\Middleware\\ValidatePostSize.php(27): Illuminate\\Pipeline\\Pipeline->Illuminate\\Pipeline\\{closure}(Object(Illuminate\\Http\\Request))
#20 C:\\inetpub\\wwwroot\\bo-ica.digitalresearch.ae\\attendees\\Attendize\\vendor\\laravel\\framework\\src\\Illuminate\\Pipeline\\Pipeline.php(171): Illuminate\\Foundation\\Http\\Middleware\\ValidatePostSize->handle(Object(Illuminate\\Http\\Request), Object(Closure))
#21 C:\\inetpub\\wwwroot\\bo-ica.digitalresearch.ae\\attendees\\Attendize\\vendor\\laravel\\framework\\src\\Illuminate\\Foundation\\Http\\Middleware\\TransformsRequest.php(21): Illuminate\\Pipeline\\Pipeline->Illuminate\\Pipeline\\{closure}(Object(Illuminate\\Http\\Request))
#22 C:\\inetpub\\wwwroot\\bo-ica.digitalresearch.ae\\attendees\\Attendize\\vendor\\laravel\\framework\\src\\Illuminate\\Pipeline\\Pipeline.php(171): Illuminate\\Foundation\\Http\\Middleware\\TransformsRequest->handle(Object(Illuminate\\Http\\Request), Object(Closure))
#23 C:\\inetpub\\wwwroot\\bo-ica.digitalresearch.ae\\attendees\\Attendize\\app\\Http\\Middleware\\Cors.php(18): Illuminate\\Pipeline\\Pipeline->Illuminate\\Pipeline\\{closure}(Object(Illuminate\\Http\\Request))
#24 C:\\inetpub\\wwwroot\\bo-ica.digitalresearch.ae\\attendees\\Attendize\\vendor\\laravel\\framework\\src\\Illuminate\\Pipeline\\Pipeline.php(171): App\\Http\\Middleware\\Cors->handle(Object(Illuminate\\Http\\Request), Object(Closure))
#25 C:\\inetpub\\wwwroot\\bo-ica.digitalresearch.ae\\attendees\\Attendize\\vendor\\fideloper\\proxy\\src\\TrustProxies.php(57): Illuminate\\Pipeline\\Pipeline->Illuminate\\Pipeline\\{closure}(Object(Illuminate\\Http\\Request))
#26 C:\\inetpub\\wwwroot\\bo-ica.digitalresearch.ae\\attendees\\Attendize\\vendor\\laravel\\framework\\src\\Illuminate\\Pipeline\\Pipeline.php(171): Fideloper\\Proxy\\TrustProxies->handle(Object(Illuminate\\Http\\Request), Object(Closure))
#27 C:\\inetpub\\wwwroot\\bo-ica.digitalresearch.ae\\attendees\\Attendize\\vendor\\laravel\\framework\\src\\Illuminate\\Foundation\\Http\\Middleware\\TransformsRequest.php(21): Illuminate\\Pipeline\\Pipeline->Illuminate\\Pipeline\\{closure}(Object(Illuminate\\Http\\Request))
#28 C:\\inetpub\\wwwroot\\bo-ica.digitalresearch.ae\\attendees\\Attendize\\vendor\\laravel\\framework\\src\\Illuminate\\Pipeline\\Pipeline.php(171): Illuminate\\Foundation\\Http\\Middleware\\TransformsRequest->handle(Object(Illuminate\\Http\\Request), Object(Closure))
#29 C:\\inetpub\\wwwroot\\bo-ica.digitalresearch.ae\\attendees\\Attendize\\app\\Http\\Middleware\\GeneralChecks.php(26): Illuminate\\Pipeline\\Pipeline->Illuminate\\Pipeline\\{closure}(Object(Illuminate\\Http\\Request))
#30 C:\\inetpub\\wwwroot\\bo-ica.digitalresearch.ae\\attendees\\Attendize\\vendor\\laravel\\framework\\src\\Illuminate\\Pipeline\\Pipeline.php(171): App\\Http\\Middleware\\GeneralChecks->handle(Object(Illuminate\\Http\\Request), Object(Closure))
#31 C:\\inetpub\\wwwroot\\bo-ica.digitalresearch.ae\\attendees\\Attendize\\vendor\\laravel\\framework\\src\\Illuminate\\Foundation\\Http\\Middleware\\CheckForMaintenanceMode.php(63): Illuminate\\Pipeline\\Pipeline->Illuminate\\Pipeline\\{closure}(Object(Illuminate\\Http\\Request))
#32 C:\\inetpub\\wwwroot\\bo-ica.digitalresearch.ae\\attendees\\Attendize\\vendor\\laravel\\framework\\src\\Illuminate\\Pipeline\\Pipeline.php(171): Illuminate\\Foundation\\Http\\Middleware\\CheckForMaintenanceMode->handle(Object(Illuminate\\Http\\Request), Object(Closure))
#33 C:\\inetpub\\wwwroot\\bo-ica.digitalresearch.ae\\attendees\\Attendize\\vendor\\laravel\\framework\\src\\Illuminate\\Pipeline\\Pipeline.php(105): Illuminate\\Pipeline\\Pipeline->Illuminate\\Pipeline\\{closure}(Object(Illuminate\\Http\\Request))
#34 C:\\inetpub\\wwwroot\\bo-ica.digitalresearch.ae\\attendees\\Attendize\\vendor\\laravel\\framework\\src\\Illuminate\\Foundation\\Http\\Kernel.php(145): Illuminate\\Pipeline\\Pipeline->then(Object(Closure))
#35 C:\\inetpub\\wwwroot\\bo-ica.digitalresearch.ae\\attendees\\Attendize\\vendor\\laravel\\framework\\src\\Illuminate\\Foundation\\Http\\Kernel.php(110): Illuminate\\Foundation\\Http\\Kernel->sendRequestThroughRouter(Object(Illuminate\\Http\\Request))
#36 C:\\inetpub\\wwwroot\\bo-ica.digitalresearch.ae\\attendees\\Attendize\\public\\index.php(55): Illuminate\\Foundation\\Http\\Kernel->handle(Object(Illuminate\\Http\\Request))
#37 {main}
"} 
